{"Event":{"EventData":{"DnsServerIpAddress":"208.67.222.222","QueryName":"112.253.30.192.in-addr.arpa","QueryType":"12"},"GeneInfo":{"Criticality":0,"Signature":["All"]},"System":{"Channel":"Microsoft-Windows-DNS-Client/Operational","Computer":"DESKTOP-5SUA567","Correlation":{},"EventID":"3010","EventRecordID":"36778","Execution":{"ProcessID":"6732","ThreadID":"6184"},"Keywords":"0x8000000000000000","Level":"4","Opcode":"0","Provider":{"Guid":"{1C95126E-7EEA-49A9-A3FE-A378B03DDB4D}","Name":"Microsoft-Windows-DNS-Client"},"Security":{"UserID":"S-1-5-18"},"Task":"0","TimeCreated":{"SystemTime":"2018-06-15T13:34:23.506521200Z"},"Version":"0"}}}
{"Event":{"EventData":{"InterfaceIndex":"0","NetworkIndex":"0","QueryName":"120.30.206.23.in-addr.arpa.","QueryType":"12"},"GeneInfo":{"Criticality":0,"Signature":["All"]},"System":{"Channel":"Microsoft-Windows-DNS-Client/Operational","Computer":"DESKTOP-5SUA567","Correlation":{},"EventID":"3019","EventRecordID":"36779","Execution":{"ProcessID":"6732","ThreadID":"1324"},"Keywords":"0x8000000000000000","Level":"4","Opcode":"0","Provider":{"Guid":"{1C95126E-7EEA-49A9-A3FE-A378B03DDB4D}","Name":"Microsoft-Windows-DNS-Client"},"Security":{"UserID":"S-1-5-18"},"Task":"0","TimeCreated":{"SystemTime":"2018-06-15T13:34:23.506532800Z"},"Version":"0"}}}
{"Event":{"EventData":{"DnsServerIpAddress":"208.67.222.222","QueryName":"120.30.206.23.in-addr.arpa","QueryType":"12"},"GeneInfo":{"Criticality":0,"Signature":["All"]},"System":{"Channel":"Microsoft-Windows-DNS-Client/Operational","Computer":"DESKTOP-5SUA567","Correlation":{},"EventID":"3010","EventRecordID":"36780","Execution":{"ProcessID":"6732","ThreadID":"1324"},"Keywords":"0x8000000000000000","Level":"4","Opcode":"0","Provider":{"Guid":"{1C95126E-7EEA-49A9-A3FE-A378B03DDB4D}","Name":"Microsoft-Windows-DNS-Client"},"Security":{"UserID":"S-1-5-18"},"Task":"0","TimeCreated":{"SystemTime":"2018-06-15T13:34:23.506569800Z"},"Version":"0"}}}
{"Event":{"EventData":{"AdapterName":"Teredo Tunneling Pseudo-Interface","DNSServerAddress":"","InterfaceCount":"1","IsParallelNetworkQuery":"1","LocalAddress":"2001:0:9d38:90d7:4a:6d2f:ccf0:86f0;fe80::4a:6d2f:ccf0:86f0;","NetworkIndex":"1","QueryName":"120.30.206.23.in-addr.arpa."},"GeneInfo":{"Criticality":0,"Signature":["All"]},"System":{"Channel":"Microsoft-Windows-DNS-Client/Operational","Computer":"DESKTOP-5SUA567","Correlation":{},"EventID":"3009","EventRecordID":"36781","Execution":{"ProcessID":"6732","ThreadID":"1324"},"Keywords":"0x8000000000000000","Level":"4","Opcode":"0","Provider":{"Guid":"{1C95126E-7EEA-49A9-A3FE-A378B03DDB4D}","Name":"Microsoft-Windows-DNS-Client"},"Security":{"UserID":"S-1-5-18"},"Task":"0","TimeCreated":{"SystemTime":"2018-06-15T13:34:23.507279800Z"},"Version":"0"}}}
{"Event":{"EventData":{"AdapterName":"Teredo Tunneling Pseudo-Interface","DNSServerAddress":"","InterfaceCount":"1","IsParallelNetworkQuery":"1","LocalAddress":"2001:0:9d38:90d7:4a:6d2f:ccf0:86f0;fe80::4a:6d2f:ccf0:86f0;","NetworkIndex":"1","QueryName":"112.253.30.192.in-addr.arpa."},"GeneInfo":{"Criticality":0,"Signature":["All"]},"System":{"Channel":"Microsoft-Windows-DNS-Client/Operational","Computer":"DESKTOP-5SUA567","Correlation":{},"EventID":"3009","EventRecordID":"36782","Execution":{"ProcessID":"6732","ThreadID":"6184"},"Keywords":"0x8000000000000000","Level":"4","Opcode":"0","Provider":{"Guid":"{1C95126E-7EEA-49A9-A3FE-A378B03DDB4D}","Name":"Microsoft-Windows-DNS-Client"},"Security":{"UserID":"S-1-5-18"},"Task":"0","TimeCreated":{"SystemTime":"2018-06-15T13:34:23.507337800Z"},"Version":"0"}}}
{"Event":{"EventData":{"InterfaceIndex":"0","NetworkIndex":"1","QueryName":"120.30.206.23.in-addr.arpa.","QueryType":"12"},"GeneInfo":{"Criticality":0,"Signature":["All"]},"System":{"Channel":"Microsoft-Windows-DNS-Client/Operational","Computer":"DESKTOP-5SUA567","Correlation":{},"EventID":"3019","EventRecordID":"36783","Execution":{"ProcessID":"6732","ThreadID":"2740"},"Keywords":"0x8000000000000000","Level":"4","Opcode":"0","Provider":{"Guid":"{1C95126E-7EEA-49A9-A3FE-A378B03DDB4D}","Name":"Microsoft-Windows-DNS-Client"},"Security":{"UserID":"S-1-5-18"},"Task":"0","TimeCreated":{"SystemTime":"2018-06-15T13:34:23.507362800Z"},"Version":"0"}}}
{"Event":{"EventData":{"InterfaceIndex":"1","NetworkIndex":"0","QueryName":"120.30.206.23.in-addr.arpa.","QueryResults":"","QueryType":"12","Status":"1460"},"GeneInfo":{"Criticality":0,"Signature":["All"]},"System":{"Channel":"Microsoft-Windows-DNS-Client/Operational","Computer":"DESKTOP-5SUA567","Correlation":{},"EventID":"3020","EventRecordID":"36784","Execution":{"ProcessID":"6732","ThreadID":"2740"},"Keywords":"0x8000000000000000","Level":"4","Opcode":"0","Provider":{"Guid":"{1C95126E-7EEA-49A9-A3FE-A378B03DDB4D}","Name":"Microsoft-Windows-DNS-Client"},"Security":{"UserID":"S-1-5-18"},"Task":"0","TimeCreated":{"SystemTime":"2018-06-15T13:34:23.507398000Z"},"Version":"0"}}}
{"Event":{"EventData":{"InterfaceIndex":"0","NetworkIndex":"1","QueryName":"112.253.30.192.in-addr.arpa.","QueryType":"12"},"GeneInfo":{"Criticality":0,"Signature":["All"]},"System":{"Channel":"Microsoft-Windows-DNS-Client/Operational","Computer":"DESKTOP-5SUA567","Correlation":{},"EventID":"3019","EventRecordID":"36785","Execution":{"ProcessID":"6732","ThreadID":"6200"},"Keywords":"0x8000000000000000","Level":"4","Opcode":"0","Provider":{"Guid":"{1C95126E-7EEA-49A9-A3FE-A378B03DDB4D}","Name":"Microsoft-Windows-DNS-Client"},"Security":{"UserID":"S-1-5-18"},"Task":"0","TimeCreated":{"SystemTime":"2018-06-15T13:34:23.507411800Z"},"Version":"0"}}}
{"Event":{"EventData":{"AdapterName":"Teredo Tunneling Pseudo-Interface","InterfaceCount":"1","LocalAddress":"2001:0:9d38:90d7:4a:6d2f:ccf0:86f0;fe80::4a:6d2f:ccf0:86f0;","NetworkIndex":"0","QueryName":"120.30.206.23.in-addr.arpa."},"GeneInfo":{"Criticality":0,"Signature":["All"]},"System":{"Channel":"Microsoft-Windows-DNS-Client/Operational","Computer":"DESKTOP-5SUA567","Correlation":{},"EventID":"3012","EventRecordID":"36786","Execution":{"ProcessID":"6732","ThreadID":"2740"},"Keywords":"0x8000000000000000","Level":"4","Opcode":"0","Provider":{"Guid":"{1C95126E-7EEA-49A9-A3FE-A378B03DDB4D}","Name":"Microsoft-Windows-DNS-Client"},"Security":{"UserID":"S-1-5-18"},"Task":"0","TimeCreated":{"SystemTime":"2018-06-15T13:34:23.507428300Z"},"Version":"0"}}}
{"Event":{"EventData":{"InterfaceIndex":"1","NetworkIndex":"0","QueryName":"112.253.30.192.in-addr.arpa.","QueryResults":"","QueryType":"12","Status":"1460"},"GeneInfo":{"Criticality":0,"Signature":["All"]},"System":{"Channel":"Microsoft-Windows-DNS-Client/Operational","Computer":"DESKTOP-5SUA567","Correlation":{},"EventID":"3020","EventRecordID":"36787","Execution":{"ProcessID":"6732","ThreadID":"6200"},"Keywords":"0x8000000000000000","Level":"4","Opcode":"0","Provider":{"Guid":"{1C95126E-7EEA-49A9-A3FE-A378B03DDB4D}","Name":"Microsoft-Windows-DNS-Client"},"Security":{"UserID":"S-1-5-18"},"Task":"0","TimeCreated":{"SystemTime":"2018-06-15T13:34:23.507442600Z"},"Version":"0"}}}
{"Event":{"EventData":{"AdapterName":"Teredo Tunneling Pseudo-Interface","InterfaceCount":"1","LocalAddress":"2001:0:9d38:90d7:4a:6d2f:ccf0:86f0;fe80::4a:6d2f:ccf0:86f0;","NetworkIndex":"0","QueryName":"112.253.30.192.in-addr.arpa."},"GeneInfo":{"Criticality":0,"Signature":["All"]},"System":{"Channel":"Microsoft-Windows-DNS-Client/Operational","Computer":"DESKTOP-5SUA567","Correlation":{},"EventID":"3012","EventRecordID":"36788","Execution":{"ProcessID":"6732","ThreadID":"6200"},"Keywords":"0x8000000000000000","Level":"4","Opcode":"0","Provider":{"Guid":"{1C95126E-7EEA-49A9-A3FE-A378B03DDB4D}","Name":"Microsoft-Windows-DNS-Client"},"Security":{"UserID":"S-1-5-18"},"Task":"0","TimeCreated":{"SystemTime":"2018-06-15T13:34:23.507472100Z"},"Version":"0"}}}
{"Event":{"EventData":{"QueryName":"120.30.206.23.in-addr.arpa.","QueryResults":"","Status":"123"},"GeneInfo":{"Criticality":0,"Signature":["All"]},"System":{"Channel":"Microsoft-Windows-DNS-Client/Operational","Computer":"DESKTOP-5SUA567","Correlation":{},"EventID":"3013","EventRecordID":"36789","Execution":{"ProcessID":"6732","ThreadID":"2740"},"Keywords":"0x8000000000000000","Level":"4","Opcode":"0","Provider":{"Guid":"{1C95126E-7EEA-49A9-A3FE-A378B03DDB4D}","Name":"Microsoft-Windows-DNS-Client"},"Security":{"UserID":"S-1-5-18"},"Task":"0","TimeCreated":{"SystemTime":"2018-06-15T13:34:23.507559500Z"},"Version":"0"}}}
{"Event":{"EventData":{"QueryName":"112.253.30.192.in-addr.arpa.","QueryResults":"","Status":"123"},"GeneInfo":{"Criticality":0,"Signature":["All"]},"System":{"Channel":"Microsoft-Windows-DNS-Client/Operational","Computer":"DESKTOP-5SUA567","Correlation":{},"EventID":"3013","EventRecordID":"36790","Execution":{"ProcessID":"6732","ThreadID":"6200"},"Keywords":"0x8000000000000000","Level":"4","Opcode":"0","Provider":{"Guid":"{1C95126E-7EEA-49A9-A3FE-A378B03DDB4D}","Name":"Microsoft-Windows-DNS-Client"},"Security":{"UserID":"S-1-5-18"},"Task":"0","TimeCreated":{"SystemTime":"2018-06-15T13:34:23.507574300Z"},"Version":"0"}}}
{"Event":{"EventData":{"InterfaceIndex":"0","IsAsyncQuery":"0","IsNetworkQuery":"0","NetworkQueryIndex":"0","QueryName":"github.com","QueryOptions":"1073766400","QueryType":"1","ServerList":""},"GeneInfo":{"Criticality":0,"Signature":["All"]},"System":{"Channel":"Microsoft-Windows-DNS-Client/Operational","Computer":"DESKTOP-5SUA567","Correlation":{},"EventID":"3006","EventRecordID":"36791","Execution":{"ProcessID":"4608","ThreadID":"3352"},"Keywords":"0x8000000000000000","Level":"4","Opcode":"0","Provider":{"Guid":"{1C95126E-7EEA-49A9-A3FE-A378B03DDB4D}","Name":"Microsoft-Windows-DNS-Client"},"Security":{"UserID":"S-1-5-21-4228426178-1801199070-633696311-1001"},"Task":"0","TimeCreated":{"SystemTime":"2018-06-15T13:34:23.541835700Z"},"Version":"0"}}}
{"Event":{"EventData":{"QueryName":"github.com","QueryOptions":"1073766400","QueryResults":"","QueryStatus":"87","QueryType":"1"},"GeneInfo":{"Criticality":0,"Signature":["All"]},"System":{"Channel":"Microsoft-Windows-DNS-Client/Operational","Computer":"DESKTOP-5SUA567","Correlation":{},"EventID":"3008","EventRecordID":"36792","Execution":{"ProcessID":"4608","ThreadID":"3352"},"Keywords":"0x8000000000000000","Level":"4","Opcode":"0","Provider":{"Guid":"{1C95126E-7EEA-49A9-A3FE-A378B03DDB4D}","Name":"Microsoft-Windows-DNS-Client"},"Security":{"UserID":"S-1-5-21-4228426178-1801199070-633696311-1001"},"Task":"0","TimeCreated":{"SystemTime":"2018-06-15T13:34:23.541859300Z"},"Version":"0"}}}
{"Event":{"EventData":{"InterfaceIndex":"0","IsAsyncQuery":"0","IsNetworkQuery":"0","NetworkQueryIndex":"0","QueryName":"github.com","QueryOptions":"1073897472","QueryType":"28","ServerList":""},"GeneInfo":{"Criticality":0,"Signature":["All"]},"System":{"Channel":"Microsoft-Windows-DNS-Client/Operational","Computer":"DESKTOP-5SUA567","Correlation":{},"EventID":"3006","EventRecordID":"36793","Execution":{"ProcessID":"4608","ThreadID":"3352"},"Keywords":"0x8000000000000000","Level":"4","Opcode":"0","Provider":{"Guid":"{1C95126E-7EEA-49A9-A3FE-A378B03DDB4D}","Name":"Microsoft-Windows-DNS-Client"},"Security":{"UserID":"S-1-5-21-4228426178-1801199070-633696311-1001"},"Task":"0","TimeCreated":{"SystemTime":"2018-06-15T13:34:23.541929000Z"},"Version":"0"}}}
{"Event":{"EventData":{"AdapterName":"Ethernet","DNSServerAddress":"208.67.222.222;208.67.220.220;","InterfaceCount":"1","IsParallelNetworkQuery":"1","LocalAddress":"fe80::7130:3f5e:d14f:943e;10.0.2.15;","NetworkIndex":"0","QueryName":"github.com"},"GeneInfo":{"Criticality":0,"Signature":["All"]},"System":{"Channel":"Microsoft-Windows-DNS-Client/Operational","Computer":"DESKTOP-5SUA567","Correlation":{},"EventID":"3009","EventRecordID":"36794","Execution":{"ProcessID":"4608","ThreadID":"3352"},"Keywords":"0x8000000000000000","Level":"4","Opcode":"0","Provider":{"Guid":"{1C95126E-7EEA-49A9-A3FE-A378B03DDB4D}","Name":"Microsoft-Windows-DNS-Client"},"Security":{"UserID":"S-1-5-21-4228426178-1801199070-633696311-1001"},"Task":"0","TimeCreated":{"SystemTime":"2018-06-15T13:34:23.545896400Z"},"Version":"0"}}}
{"Event":{"EventData":{"InterfaceIndex":"0","QueryName":"github.com","QueryOptions":"1073897472","QueryType":"1"},"GeneInfo":{"Criticality":0,"Signature":["All"]},"System":{"Channel":"Microsoft-Windows-DNS-Client/Operational","Computer":"DESKTOP-5SUA567","Correlation":{},"EventID":"3016","EventRecordID":"36795","Execution":{"ProcessID":"4608","ThreadID":"3352"},"Keywords":"0x8000000000000000","Level":"4","Opcode":"0","Provider":{"Guid":"{1C95126E-7EEA-49A9-A3FE-A378B03DDB4D}","Name":"Microsoft-Windows-DNS-Client"},"Security":{"UserID":"S-1-5-21-4228426178-1801199070-633696311-1001"},"Task":"0","TimeCreated":{"SystemTime":"2018-06-15T13:34:23.545914200Z"},"Version":"0"}}}
{"Event":{"EventData":{"QueryName":"github.com","QueryOptions":"1073897472","QueryResults":"","QueryType":"1","Status":"9701"},"GeneInfo":{"Criticality":0,"Signature":["All"]},"System":{"Channel":"Microsoft-Windows-DNS-Client/Operational","Computer":"DESKTOP-5SUA567","Correlation":{},"EventID":"3018","EventRecordID":"36796","Execution":{"ProcessID":"4608","ThreadID":"3352"},"Keywords":"0x8000000000000000","Level":"4","Opcode":"0","Provider":{"Guid":"{1C95126E-7EEA-49A9-A3FE-A378B03DDB4D}","Name":"Microsoft-Windows-DNS-Client"},"Security":{"UserID":"S-1-5-21-4228426178-1801199070-633696311-1001"},"Task":"0","TimeCreated":{"SystemTime":"2018-06-15T13:34:23.546276600Z"},"Version":"0"}}}
{"Event":{"EventData":{"InterfaceIndex":"0","NetworkIndex":"0","QueryName":"github.com","QueryType":"1"},"GeneInfo":{"Criticality":0,"Signature":["All"]},"System":{"Channel":"Microsoft-Windows-DNS-Client/Operational","Computer":"DESKTOP-5SUA567","Correlation":{},"EventID":"3019","EventRecordID":"36797","Execution":{"ProcessID":"4608","ThreadID":"3352"},"Keywords":"0x8000000000000000","Level":"4","Opcode":"0","Provider":{"Guid":"{1C95126E-7EEA-49A9-A3FE-A378B03DDB4D}","Name":"Microsoft-Windows-DNS-Client"},"Security":{"UserID":"S-1-5-21-4228426178-1801199070-633696311-1001"},"Task":"0","TimeCreated":{"SystemTime":"2018-06-15T13:34:23.546310900Z"},"Version":"0"}}}
{"Event":{"EventData":{"DnsServerIpAddress":"208.67.222.222","QueryName":"github.com","QueryType":"1"},"GeneInfo":{"Criticality":0,"Signature":["All"]},"System":{"Channel":"Microsoft-Windows-DNS-Client/Operational","Computer":"DESKTOP-5SUA567","Correlation":{},"EventID":"3010","EventRecordID":"36798","Execution":{"ProcessID":"4608","ThreadID":"3352"},"Keywords":"0x8000000000000000","Level":"4","Opcode":"0","Provider":{"Guid":"{1C95126E-7EEA-49A9-A3FE-A378B03DDB4D}","Name":"Microsoft-Windows-DNS-Client"},"Security":{"UserID":"S-1-5-21-4228426178-1801199070-633696311-1001"},"Task":"0","TimeCreated":{"SystemTime":"2018-06-15T13:34:23.546331400Z"},"Version":"0"}}}
{"Event":{"EventData":{"AdapterName":"Teredo Tunneling Pseudo-Interface","DNSServerAddress":"","InterfaceCount":"1","IsParallelNetworkQuery":"1","LocalAddress":"2001:0:9d38:90d7:4a:6d2f:ccf0:86f0;fe80::4a:6d2f:ccf0:86f0;","NetworkIndex":"1","QueryName":"github.com"},"GeneInfo":{"Criticality":0,"Signature":["All"]},"System":{"Channel":"Microsoft-Windows-DNS-Client/Operational","Computer":"DESKTOP-5SUA567","Correlation":{},"EventID":"3009","EventRecordID":"36799","Execution":{"ProcessID":"4608","ThreadID":"3352"},"Keywords":"0x8000000000000000","Level":"4","Opcode":"0","Provider":{"Guid":"{1C95126E-7EEA-49A9-A3FE-A378B03DDB4D}","Name":"Microsoft-Windows-DNS-Client"},"Security":{"UserID":"S-1-5-21-4228426178-1801199070-633696311-1001"},"Task":"0","TimeCreated":{"SystemTime":"2018-06-15T13:34:23.547309600Z"},"Version":"0"}}}
{"Event":{"EventData":{"InterfaceIndex":"0","NetworkIndex":"1","QueryName":"github.com","QueryType":"1"},"GeneInfo":{"Criticality":0,"Signature":["All"]},"System":{"Channel":"Microsoft-Windows-DNS-Client/Operational","Computer":"DESKTOP-5SUA567","Correlation":{},"EventID":"3019","EventRecordID":"36800","Execution":{"ProcessID":"4608","ThreadID":"6876"},"Keywords":"0x8000000000000000","Level":"4","Opcode":"0","Provider":{"Guid":"{1C95126E-7EEA-49A9-A3FE-A378B03DDB4D}","Name":"Microsoft-Windows-DNS-Client"},"Security":{"UserID":"S-1-5-21-4228426178-1801199070-633696311-1001"},"Task":"0","TimeCreated":{"SystemTime":"2018-06-15T13:34:23.547414500Z"},"Version":"0"}}}
{"Event":{"EventData":{"InterfaceIndex":"1","NetworkIndex":"0","QueryName":"github.com","QueryResults":"","QueryType":"1","Status":"1460"},"GeneInfo":{"Criticality":0,"Signature":["All"]},"System":{"Channel":"Microsoft-Windows-DNS-Client/Operational","Computer":"DESKTOP-5SUA567","Correlation":{},"EventID":"3020","EventRecordID":"36801","Execution":{"ProcessID":"4608","ThreadID":"6876"},"Keywords":"0x8000000000000000","Level":"4","Opcode":"0","Provider":{"Guid":"{1C95126E-7EEA-49A9-A3FE-A378B03DDB4D}","Name":"Microsoft-Windows-DNS-Client"},"Security":{"UserID":"S-1-5-21-4228426178-1801199070-633696311-1001"},"Task":"0","TimeCreated":{"SystemTime":"2018-06-15T13:34:23.547443100Z"},"Version":"0"}}}
{"Event":{"EventData":{"DnsServerIpAddress":"208.67.222.222","QueryName":"112.253.30.192.in-addr.arpa","QueryType":"12","ResponseStatus":"0"},"GeneInfo":{"Criticality":0,"Signature":["All"]},"System":{"Channel":"Microsoft-Windows-DNS-Client/Operational","Computer":"DESKTOP-5SUA567","Correlation":{},"EventID":"3011","EventRecordID":"36802","Execution":{"ProcessID":"6732","ThreadID":"6200"},"Keywords":"0x8000000000000000","Level":"4","Opcode":"0","Provider":{"Guid":"{1C95126E-7EEA-49A9-A3FE-A378B03DDB4D}","Name":"Microsoft-Windows-DNS-Client"},"Security":{"UserID":"S-1-5-18"},"Task":"0","TimeCreated":{"SystemTime":"2018-06-15T13:34:23.643297900Z"},"Version":"0"}}}
{"Event":{"EventData":{"InterfaceIndex":"0","NetworkIndex":"0","QueryName":"112.253.30.192.in-addr.arpa.","QueryResults":"type:  12 lb-192-30-253-112-iad.github.com;","QueryType":"12","Status":"0"},"GeneInfo":{"Criticality":0,"Signature":["All"]},"System":{"Channel":"Microsoft-Windows-DNS-Client/Operational","Computer":"DESKTOP-5SUA567","Correlation":{},"EventID":"3020","EventRecordID":"36803","Execution":{"ProcessID":"6732","ThreadID":"6200"},"Keywords":"0x8000000000000000","Level":"4","Opcode":"0","Provider":{"Guid":"{1C95126E-7EEA-49A9-A3FE-A378B03DDB4D}","Name":"Microsoft-Windows-DNS-Client"},"Security":{"UserID":"S-1-5-18"},"Task":"0","TimeCreated":{"SystemTime":"2018-06-15T13:34:23.643438900Z"},"Version":"0"}}}
{"Event":{"EventData":{"QueryName":"112.253.30.192.in-addr.arpa.","QueryOptions":"1073872896","QueryResults":"type:  12 lb-192-30-253-112-iad.github.com;","QueryStatus":"0","QueryType":"12"},"GeneInfo":{"Criticality":0,"Signature":["All"]},"System":{"Channel":"Microsoft-Windows-DNS-Client/Operational","Computer":"DESKTOP-5SUA567","Correlation":{},"EventID":"3008","EventRecordID":"36804","Execution":{"ProcessID":"6732","ThreadID":"6184"},"Keywords":"0x8000000000000000","Level":"4","Opcode":"0","Provider":{"Guid":"{1C95126E-7EEA-49A9-A3FE-A378B03DDB4D}","Name":"Microsoft-Windows-DNS-Client"},"Security":{"UserID":"S-1-5-18"},"Task":"0","TimeCreated":{"SystemTime":"2018-06-15T13:34:23.643481800Z"},"Version":"0"}}}
{"Event":{"EventData":{"DnsServerIpAddress":"208.67.222.222","QueryName":"120.30.206.23.in-addr.arpa","QueryType":"12","ResponseStatus":"0"},"GeneInfo":{"Criticality":0,"Signature":["All"]},"System":{"Channel":"Microsoft-Windows-DNS-Client/Operational","Computer":"DESKTOP-5SUA567","Correlation":{},"EventID":"3011","EventRecordID":"36805","Execution":{"ProcessID":"6732","ThreadID":"6200"},"Keywords":"0x8000000000000000","Level":"4","Opcode":"0","Provider":{"Guid":"{1C95126E-7EEA-49A9-A3FE-A378B03DDB4D}","Name":"Microsoft-Windows-DNS-Client"},"Security":{"UserID":"S-1-5-18"},"Task":"0","TimeCreated":{"SystemTime":"2018-06-15T13:34:23.649362700Z"},"Version":"0"}}}
{"Event":{"EventData":{"InterfaceIndex":"0","NetworkIndex":"0","QueryName":"120.30.206.23.in-addr.arpa.","QueryResults":"type:  12 a23-206-30-120.deploy.static.akamaitechnologies.com;","QueryType":"12","Status":"0"},"GeneInfo":{"Criticality":0,"Signature":["All"]},"System":{"Channel":"Microsoft-Windows-DNS-Client/Operational","Computer":"DESKTOP-5SUA567","Correlation":{},"EventID":"3020","EventRecordID":"36806","Execution":{"ProcessID":"6732","ThreadID":"6200"},"Keywords":"0x8000000000000000","Level":"4","Opcode":"0","Provider":{"Guid":"{1C95126E-7EEA-49A9-A3FE-A378B03DDB4D}","Name":"Microsoft-Windows-DNS-Client"},"Security":{"UserID":"S-1-5-18"},"Task":"0","TimeCreated":{"SystemTime":"2018-06-15T13:34:23.649470200Z"},"Version":"0"}}}
{"Event":{"EventData":{"QueryName":"120.30.206.23.in-addr.arpa.","QueryOptions":"1073872896","QueryResults":"type:  12 a23-206-30-120.deploy.static.akamaitechnologies.com;","QueryStatus":"0","QueryType":"12"},"GeneInfo":{"Criticality":0,"Signature":["All"]},"System":{"Channel":"Microsoft-Windows-DNS-Client/Operational","Computer":"DESKTOP-5SUA567","Correlation":{},"EventID":"3008","EventRecordID":"36807","Execution":{"ProcessID":"6732","ThreadID":"1324"},"Keywords":"0x8000000000000000","Level":"4","Opcode":"0","Provider":{"Guid":"{1C95126E-7EEA-49A9-A3FE-A378B03DDB4D}","Name":"Microsoft-Windows-DNS-Client"},"Security":{"UserID":"S-1-5-18"},"Task":"0","TimeCreated":{"SystemTime":"2018-06-15T13:34:23.649567900Z"},"Version":"0"}}}
{"Event":{"EventData":{"DnsServerIpAddress":"208.67.222.222","QueryName":"github.com","QueryType":"1","ResponseStatus":"0"},"GeneInfo":{"Criticality":0,"Signature":["All"]},"System":{"Channel":"Microsoft-Windows-DNS-Client/Operational","Computer":"DESKTOP-5SUA567","Correlation":{},"EventID":"3011","EventRecordID":"36808","Execution":{"ProcessID":"4608","ThreadID":"6876"},"Keywords":"0x8000000000000000","Level":"4","Opcode":"0","Provider":{"Guid":"{1C95126E-7EEA-49A9-A3FE-A378B03DDB4D}","Name":"Microsoft-Windows-DNS-Client"},"Security":{"UserID":"S-1-5-21-4228426178-1801199070-633696311-1001"},"Task":"0","TimeCreated":{"SystemTime":"2018-06-15T13:34:23.671768700Z"},"Version":"0"}}}
{"Event":{"EventData":{"InterfaceIndex":"0","NetworkIndex":"0","QueryName":"github.com","QueryResults":"192.30.253.112;192.30.253.113;","QueryType":"1","Status":"0"},"GeneInfo":{"Criticality":0,"Signature":["All"]},"System":{"Channel":"Microsoft-Windows-DNS-Client/Operational","Computer":"DESKTOP-5SUA567","Correlation":{},"EventID":"3020","EventRecordID":"36809","Execution":{"ProcessID":"4608","ThreadID":"6876"},"Keywords":"0x8000000000000000","Level":"4","Opcode":"0","Provider":{"Guid":"{1C95126E-7EEA-49A9-A3FE-A378B03DDB4D}","Name":"Microsoft-Windows-DNS-Client"},"Security":{"UserID":"S-1-5-21-4228426178-1801199070-633696311-1001"},"Task":"0","TimeCreated":{"SystemTime":"2018-06-15T13:34:23.671956500Z"},"Version":"0"}}}
{"Event":{"EventData":{"InterfaceIndex":"0","QueryName":"github.com","QueryOptions":"1074421760","QueryType":"28"},"GeneInfo":{"Criticality":0,"Signature":["All"]},"System":{"Channel":"Microsoft-Windows-DNS-Client/Operational","Computer":"DESKTOP-5SUA567","Correlation":{},"EventID":"3016","EventRecordID":"36810","Execution":{"ProcessID":"4608","ThreadID":"6876"},"Keywords":"0x8000000000000000","Level":"4","Opcode":"0","Provider":{"Guid":"{1C95126E-7EEA-49A9-A3FE-A378B03DDB4D}","Name":"Microsoft-Windows-DNS-Client"},"Security":{"UserID":"S-1-5-21-4228426178-1801199070-633696311-1001"},"Task":"0","TimeCreated":{"SystemTime":"2018-06-15T13:34:23.671967700Z"},"Version":"0"}}}
{"Event":{"EventData":{"QueryName":"github.com","QueryOptions":"1074421760","QueryResults":"","QueryType":"28","Status":"9701"},"GeneInfo":{"Criticality":0,"Signature":["All"]},"System":{"Channel":"Microsoft-Windows-DNS-Client/Operational","Computer":"DESKTOP-5SUA567","Correlation":{},"EventID":"3018","EventRecordID":"36811","Execution":{"ProcessID":"4608","ThreadID":"6876"},"Keywords":"0x8000000000000000","Level":"4","Opcode":"0","Provider":{"Guid":"{1C95126E-7EEA-49A9-A3FE-A378B03DDB4D}","Name":"Microsoft-Windows-DNS-Client"},"Security":{"UserID":"S-1-5-21-4228426178-1801199070-633696311-1001"},"Task":"0","TimeCreated":{"SystemTime":"2018-06-15T13:34:23.672398700Z"},"Version":"0"}}}
{"Event":{"EventData":{"QueryName":"github.com","QueryOptions":"1073897472","QueryResults":"::ffff:192.30.253.112;::ffff:192.30.253.113;","QueryStatus":"0","QueryType":"28"},"GeneInfo":{"Criticality":0,"Signature":["All"]},"System":{"Channel":"Microsoft-Windows-DNS-Client/Operational","Computer":"DESKTOP-5SUA567","Correlation":{},"EventID":"3008","EventRecordID":"36812","Execution":{"ProcessID":"4608","ThreadID":"3352"},"Keywords":"0x8000000000000000","Level":"4","Opcode":"0","Provider":{"Guid":"{1C95126E-7EEA-49A9-A3FE-A378B03DDB4D}","Name":"Microsoft-Windows-DNS-Client"},"Security":{"UserID":"S-1-5-21-4228426178-1801199070-633696311-1001"},"Task":"0","TimeCreated":{"SystemTime":"2018-06-15T13:34:23.672583000Z"},"Version":"0"}}}
{"Event":{"EventData":{"DestinationHostname":"a23-206-30-120.deploy.static.akamaitechnologies.com","DestinationIp":"23.206.30.120","DestinationIsIpv6":"false","DestinationPort":"443","DestinationPortName":"https","Image":"\\\\vboxsvr\\test\\test-dns.exe","Initiated":"true","ProcessGuid":"{B2796A13-C058-5B23-0000-001088871B02}","ProcessId":"4608","Protocol":"tcp","SourceHostname":"DESKTOP-5SUA567.lan","SourceIp":"10.0.2.15","SourceIsIpv6":"false","SourcePort":"52250","SourcePortName":"","User":"DESKTOP-5SUA567\\Gen Eric","UtcTime":"2018-05-23 06:02:59.459"},"GeneInfo":{"Criticality":0,"Signature":["All"]},"System":{"Channel":"Microsoft-Windows-Sysmon/Operational","Computer":"DESKTOP-5SUA567","Correlation":{},"EventID":"3","EventRecordID":"5686","Execution":{"ProcessID":"6732","ThreadID":"5980"},"Keywords":"0x8000000000000000","Level":"4","Opcode":"0","Provider":{"Guid":"{5770385F-C22A-43E0-BF4C-06F5698FFBD9}","Name":"Microsoft-Windows-Sysmon"},"Security":{"UserID":"S-1-5-18"},"Task":"3","TimeCreated":{"SystemTime":"2018-06-15T13:34:23.669366100Z"},"Version":"5"}}}
{"Event":{"EventData":{"Image":"\\\\vboxsvr\\test\\test-dns.exe","ProcessGuid":"{B2796A13-C058-5B23-0000-001088871B02}","ProcessId":"4608","UtcTime":"2018-06-15 13:34:24.402"},"GeneInfo":{"Criticality":0,"Signature":["All"]},"System":{"Channel":"Microsoft-Windows-Sysmon/Operational","Computer":"DESKTOP-5SUA567","Correlation":{},"EventID":"5","EventRecordID":"5687","Execution":{"ProcessID":"6732","ThreadID":"4824"},"Keywords":"0x8000000000000000","Level":"4","Opcode":"0","Provider":{"Guid":"{5770385F-C22A-43E0-BF4C-06F5698FFBD9}","Name":"Microsoft-Windows-Sysmon"},"Security":{"UserID":"S-1-5-18"},"Task":"5","TimeCreated":{"SystemTime":"2018-06-15T13:34:24.405458300Z"},"Version":"3"}}}
{"Event":{"EventData":{"DestinationHostname":"lb-192-30-253-112-iad.github.com","DestinationIp":"192.30.253.112","DestinationIsIpv6":"false","DestinationPort":"80","DestinationPortName":"http","Image":"\\\\vboxsvr\\test\\test-dns.exe","Initiated":"true","ProcessGuid":"{B2796A13-C058-5B23-0000-001088871B02}","ProcessId":"4608","Protocol":"tcp","SourceHostname":"DESKTOP-5SUA567.lan","SourceIp":"10.0.2.15","SourceIsIpv6":"false","SourcePort":"52251","SourcePortName":"","User":"DESKTOP-5SUA567\\Gen Eric","UtcTime":"2018-05-23 06:03:00.315"},"GeneInfo":{"Criticality":0,"Signature":["All"]},"System":{"Channel":"Microsoft-Windows-Sysmon/Operational","Computer":"DESKTOP-5SUA567","Correlation":{},"EventID":"3","EventRecordID":"5688","Execution":{"ProcessID":"6732","ThreadID":"5980"},"Keywords":"0x8000000000000000","Level":"4","Opcode":"0","Provider":{"Guid":"{5770385F-C22A-43E0-BF4C-06F5698FFBD9}","Name":"Microsoft-Windows-Sysmon"},"Security":{"UserID":"S-1-5-18"},"Task":"3","TimeCreated":{"SystemTime":"2018-06-15T13:34:24.449378500Z"},"Version":"5"}}}
{"Event":{"EventData":{"DestinationHostname":"lb-192-30-253-112-iad.github.com","DestinationIp":"192.30.253.112","DestinationIsIpv6":"false","DestinationPort":"443","DestinationPortName":"https","Image":"\\\\vboxsvr\\test\\test-dns.exe","Initiated":"true","ProcessGuid":"{B2796A13-C058-5B23-0000-001088871B02}","ProcessId":"4608","Protocol":"tcp","SourceHostname":"DESKTOP-5SUA567.lan","SourceIp":"10.0.2.15","SourceIsIpv6":"false","SourcePort":"52252","SourcePortName":"","User":"DESKTOP-5SUA567\\Gen Eric","UtcTime":"2018-05-23 06:03:00.859"},"GeneInfo":{"Criticality":0,"Signature":["All"]},"System":{"Channel":"Microsoft-Windows-Sysmon/Operational","Computer":"DESKTOP-5SUA567","Correlation":{},"EventID":"3","EventRecordID":"5689","Execution":{"ProcessID":"6732","ThreadID":"5980"},"Keywords":"0x8000000000000000","Level":"4","Opcode":"0","Provider":{"Guid":"{5770385F-C22A-43E0-BF4C-06F5698FFBD9}","Name":"Microsoft-Windows-Sysmon"},"Security":{"UserID":"S-1-5-18"},"Task":"3","TimeCreated":{"SystemTime":"2018-06-15T13:34:24.965743400Z"},"Version":"5"}}}
